# JRE version: OpenJDK Runtime Environment (11.0.12+7) (build 11.0.12+7-post-Debian-2)
# Java VM: OpenJDK 64-Bit Server VM (11.0.12+7-post-Debian-2, mixed mode, sharing, tiered, compressed oops, g1 gc, linux-amd64)
Heap:
 garbage-first heap   total 264192K, used 30078K [0x00000000e0000000, 0x0000000100000000)
  region size 1024K, 12 young (12288K), 9 survivors (9216K)
 Metaspace       used 34983K, capacity 36037K, committed 36300K, reserved 286720K
  class space    used 4833K, capacity 5269K, committed 5376K, reserved 253952K
GC Heap History (16 events):
Event: 0,288 GC heap before
{Heap before GC invocations=0 (full 0):
 garbage-first heap   total 264192K, used 18120K [0x00000000e0000000, 0x0000000100000000)
  region size 1024K, 12 young (12288K), 0 survivors (0K)
 Metaspace       used 1246K, capacity 4961K, committed 5120K, reserved 262144K
  class space    used 120K, capacity 482K, committed 512K, reserved 253952K
}
Event: 0,296 GC heap after
{Heap after GC invocations=1 (full 0):
 garbage-first heap   total 264192K, used 8183K [0x00000000e0000000, 0x0000000100000000)
  region size 1024K, 2 young (2048K), 2 survivors (2048K)
 Metaspace       used 1246K, capacity 4961K, committed 5120K, reserved 262144K
  class space    used 120K, capacity 482K, committed 512K, reserved 253952K
}
Event: 0,596 GC heap before
{Heap before GC invocations=1 (full 0):
 garbage-first heap   total 264192K, used 18423K [0x00000000e0000000, 0x0000000100000000)
  region size 1024K, 12 young (12288K), 2 survivors (2048K)
 Metaspace       used 3450K, capacity 6292K, committed 6400K, reserved 262144K
  class space    used 447K, capacity 736K, committed 768K, reserved 253952K
}
Event: 0,606 GC heap after
{Heap after GC invocations=2 (full 0):
 garbage-first heap   total 264192K, used 9086K [0x00000000e0000000, 0x0000000100000000)
  region size 1024K, 1 young (1024K), 1 survivors (1024K)
 Metaspace       used 3450K, capacity 6292K, committed 6400K, reserved 262144K
  class space    used 447K, capacity 736K, committed 768K, reserved 253952K
}
Event: 0,705 GC heap before
{Heap before GC invocations=2 (full 0):
 garbage-first heap   total 264192K, used 22398K [0x00000000e0000000, 0x0000000100000000)
  region size 1024K, 15 young (15360K), 1 survivors (1024K)
 Metaspace       used 4110K, capacity 6766K, committed 7040K, reserved 262144K
  class space    used 527K, capacity 808K, committed 896K, reserved 253952K
}
Event: 0,711 GC heap after
{Heap after GC invocations=3 (full 0):
 garbage-first heap   total 264192K, used 9435K [0x00000000e0000000, 0x0000000100000000)
  region size 1024K, 2 young (2048K), 2 survivors (2048K)
 Metaspace       used 4110K, capacity 6766K, committed 7040K, reserved 262144K
  class space    used 527K, capacity 808K, committed 896K, reserved 253952K
}
Event: 0,836 GC heap before
{Heap before GC invocations=3 (full 0):
 garbage-first heap   total 264192K, used 27867K [0x00000000e0000000, 0x0000000100000000)
  region size 1024K, 21 young (21504K), 2 survivors (2048K)
 Metaspace       used 4322K, capacity 6886K, committed 7040K, reserved 262144K
  class space    used 551K, capacity 848K, committed 896K, reserved 253952K
}
Event: 0,841 GC heap after
{Heap after GC invocations=4 (full 0):
 garbage-first heap   total 264192K, used 13437K [0x00000000e0000000, 0x0000000100000000)
  region size 1024K, 3 young (3072K), 3 survivors (3072K)
 Metaspace       used 4322K, capacity 6886K, committed 7040K, reserved 262144K
  class space    used 551K, capacity 848K, committed 896K, reserved 253952K
}
Event: 1,786 GC heap before
{Heap before GC invocations=4 (full 0):
 garbage-first heap   total 264192K, used 75901K [0x00000000e0000000, 0x0000000100000000)
  region size 1024K, 64 young (65536K), 3 survivors (3072K)
 Metaspace       used 13489K, capacity 14094K, committed 14208K, reserved 266240K
  class space    used 1976K, capacity 2159K, committed 2176K, reserved 253952K
}
Event: 1,799 GC heap after
{Heap after GC invocations=5 (full 0):
 garbage-first heap   total 264192K, used 16498K [0x00000000e0000000, 0x0000000100000000)
  region size 1024K, 6 young (6144K), 6 survivors (6144K)
 Metaspace       used 13489K, capacity 14094K, committed 14208K, reserved 266240K
  class space    used 1976K, capacity 2159K, committed 2176K, reserved 253952K
}
Event: 2,648 GC heap before
{Heap before GC invocations=5 (full 0):
 garbage-first heap   total 264192K, used 83058K [0x00000000e0000000, 0x0000000100000000)
  region size 1024K, 72 young (73728K), 6 survivors (6144K)
 Metaspace       used 20499K, capacity 21129K, committed 21248K, reserved 272384K
  class space    used 3074K, capacity 3295K, committed 3328K, reserved 253952K
}
Event: 2,664 GC heap after
{Heap after GC invocations=6 (full 0):
 garbage-first heap   total 264192K, used 19352K [0x00000000e0000000, 0x0000000100000000)
  region size 1024K, 6 young (6144K), 6 survivors (6144K)
 Metaspace       used 20499K, capacity 21129K, committed 21248K, reserved 272384K
  class space    used 3074K, capacity 3295K, committed 3328K, reserved 253952K
}
Event: 5,387 GC heap before
{Heap before GC invocations=7 (full 0):
 garbage-first heap   total 264192K, used 94104K [0x00000000e0000000, 0x0000000100000000)
  region size 1024K, 77 young (78848K), 6 survivors (6144K)
 Metaspace       used 30748K, capacity 31675K, committed 31872K, reserved 282624K
  class space    used 4311K, capacity 4663K, committed 4736K, reserved 253952K
}
Event: 5,408 GC heap after
{Heap after GC invocations=8 (full 0):
 garbage-first heap   total 264192K, used 25003K [0x00000000e0000000, 0x0000000100000000)
  region size 1024K, 9 young (9216K), 9 survivors (9216K)
 Metaspace       used 30748K, capacity 31675K, committed 31872K, reserved 282624K
  class space    used 4311K, capacity 4663K, committed 4736K, reserved 253952K
}
Event: 6,082 GC heap before
{Heap before GC invocations=8 (full 0):
 garbage-first heap   total 264192K, used 77227K [0x00000000e0000000, 0x0000000100000000)
  region size 1024K, 60 young (61440K), 9 survivors (9216K)
 Metaspace       used 34748K, capacity 35807K, committed 35840K, reserved 284672K
  class space    used 4801K, capacity 5235K, committed 5248K, reserved 253952K
}
Event: 6,129 GC heap after
{Heap after GC invocations=9 (full 0):
 garbage-first heap   total 264192K, used 28030K [0x00000000e0000000, 0x0000000100000000)
  region size 1024K, 9 young (9216K), 9 survivors (9216K)
 Metaspace       used 34748K, capacity 35807K, committed 35840K, reserved 284672K
  class space    used 4801K, capacity 5235K, committed 5248K, reserved 253952K
}

