# JRE version: OpenJDK Runtime Environment (11.0.12+7) (build 11.0.12+7-post-Debian-2)
# Java VM: OpenJDK 64-Bit Server VM (11.0.12+7-post-Debian-2, mixed mode, sharing, tiered, compressed oops, g1 gc, linux-amd64)
Heap:
 garbage-first heap   total 264192K, used 153668K [0x00000000e0000000, 0x0000000100000000)
  region size 1024K, 97 young (99328K), 17 survivors (17408K)
 Metaspace       used 72153K, capacity 74415K, committed 74704K, reserved 319488K
  class space    used 9756K, capacity 10569K, committed 10704K, reserved 253952K
GC Heap History (20 events):
Event: 4,073 GC heap before
{Heap before GC invocations=3 (full 0):
 garbage-first heap   total 264192K, used 26969K [0x00000000e0000000, 0x0000000100000000)
  region size 1024K, 20 young (20480K), 2 survivors (2048K)
 Metaspace       used 4428K, capacity 6949K, committed 7040K, reserved 262144K
  class space    used 565K, capacity 848K, committed 896K, reserved 253952K
}
Event: 4,078 GC heap after
{Heap after GC invocations=4 (full 0):
 garbage-first heap   total 264192K, used 13601K [0x00000000e0000000, 0x0000000100000000)
  region size 1024K, 3 young (3072K), 3 survivors (3072K)
 Metaspace       used 4428K, capacity 6949K, committed 7040K, reserved 262144K
  class space    used 565K, capacity 848K, committed 896K, reserved 253952K
}
Event: 6,014 GC heap before
{Heap before GC invocations=4 (full 0):
 garbage-first heap   total 264192K, used 56609K [0x00000000e0000000, 0x0000000100000000)
  region size 1024K, 45 young (46080K), 3 survivors (3072K)
 Metaspace       used 11621K, capacity 12050K, committed 12288K, reserved 266240K
  class space    used 1655K, capacity 1773K, committed 1792K, reserved 253952K
}
Event: 6,022 GC heap after
{Heap after GC invocations=5 (full 0):
 garbage-first heap   total 264192K, used 16204K [0x00000000e0000000, 0x0000000100000000)
  region size 1024K, 6 young (6144K), 6 survivors (6144K)
 Metaspace       used 11621K, capacity 12050K, committed 12288K, reserved 266240K
  class space    used 1655K, capacity 1773K, committed 1792K, reserved 253952K
}
Event: 8,192 GC heap before
{Heap before GC invocations=5 (full 0):
 garbage-first heap   total 264192K, used 65356K [0x00000000e0000000, 0x0000000100000000)
  region size 1024K, 54 young (55296K), 6 survivors (6144K)
 Metaspace       used 17376K, capacity 17969K, committed 18176K, reserved 270336K
  class space    used 2564K, capacity 2755K, committed 2816K, reserved 253952K
}
Event: 8,216 GC heap after
{Heap after GC invocations=6 (full 0):
 garbage-first heap   total 264192K, used 18624K [0x00000000e0000000, 0x0000000100000000)
  region size 1024K, 5 young (5120K), 5 survivors (5120K)
 Metaspace       used 17376K, capacity 17969K, committed 18176K, reserved 270336K
  class space    used 2564K, capacity 2755K, committed 2816K, reserved 253952K
}
Event: 8,918 GC heap before
{Heap before GC invocations=6 (full 0):
 garbage-first heap   total 264192K, used 49344K [0x00000000e0000000, 0x0000000100000000)
  region size 1024K, 36 young (36864K), 5 survivors (5120K)
 Metaspace       used 20441K, capacity 21087K, committed 21248K, reserved 272384K
  class space    used 3051K, capacity 3263K, committed 3328K, reserved 253952K
}
Event: 8,929 GC heap after
{Heap after GC invocations=7 (full 0):
 garbage-first heap   total 264192K, used 19313K [0x00000000e0000000, 0x0000000100000000)
  region size 1024K, 3 young (3072K), 3 survivors (3072K)
 Metaspace       used 20441K, capacity 21087K, committed 21248K, reserved 272384K
  class space    used 3051K, capacity 3263K, committed 3328K, reserved 253952K
}
Event: 14,977 GC heap before
{Heap before GC invocations=8 (full 0):
 garbage-first heap   total 264192K, used 90993K [0x00000000e0000000, 0x0000000100000000)
  region size 1024K, 71 young (72704K), 3 survivors (3072K)
 Metaspace       used 30521K, capacity 31404K, committed 31612K, reserved 282624K
  class space    used 4264K, capacity 4597K, committed 4732K, reserved 253952K
}
Event: 14,995 GC heap after
{Heap after GC invocations=9 (full 0):
 garbage-first heap   total 264192K, used 25405K [0x00000000e0000000, 0x0000000100000000)
  region size 1024K, 9 young (9216K), 9 survivors (9216K)
 Metaspace       used 30521K, capacity 31404K, committed 31612K, reserved 282624K
  class space    used 4264K, capacity 4597K, committed 4732K, reserved 253952K
}
Event: 15,831 GC heap before
{Heap before GC invocations=9 (full 0):
 garbage-first heap   total 264192K, used 76605K [0x00000000e0000000, 0x0000000100000000)
  region size 1024K, 60 young (61440K), 9 survivors (9216K)
 Metaspace       used 34887K, capacity 35925K, committed 36048K, reserved 284672K
  class space    used 4815K, capacity 5235K, committed 5328K, reserved 253952K
}
Event: 15,859 GC heap after
{Heap after GC invocations=10 (full 0):
 garbage-first heap   total 264192K, used 28218K [0x00000000e0000000, 0x0000000100000000)
  region size 1024K, 3 young (3072K), 3 survivors (3072K)
 Metaspace       used 34887K, capacity 35925K, committed 36048K, reserved 284672K
  class space    used 4815K, capacity 5235K, committed 5328K, reserved 253952K
}
Event: 21,375 GC heap before
{Heap before GC invocations=11 (full 0):
 garbage-first heap   total 264192K, used 116282K [0x00000000e0000000, 0x0000000100000000)
  region size 1024K, 87 young (89088K), 3 survivors (3072K)
 Metaspace       used 40843K, capacity 42062K, committed 42448K, reserved 290816K
  class space    used 5487K, capacity 5977K, committed 6096K, reserved 253952K
}
Event: 21,395 GC heap after
{Heap after GC invocations=12 (full 0):
 garbage-first heap   total 264192K, used 38841K [0x00000000e0000000, 0x0000000100000000)
  region size 1024K, 11 young (11264K), 11 survivors (11264K)
 Metaspace       used 40843K, capacity 42062K, committed 42448K, reserved 290816K
  class space    used 5487K, capacity 5977K, committed 6096K, reserved 253952K
}
Event: 25,248 GC heap before
{Heap before GC invocations=12 (full 0):
 garbage-first heap   total 264192K, used 147385K [0x00000000e0000000, 0x0000000100000000)
  region size 1024K, 117 young (119808K), 11 survivors (11264K)
 Metaspace       used 51349K, capacity 52860K, committed 53072K, reserved 301056K
  class space    used 6825K, capacity 7427K, committed 7504K, reserved 253952K
}
Event: 25,272 GC heap after
{Heap after GC invocations=13 (full 0):
 garbage-first heap   total 264192K, used 46264K [0x00000000e0000000, 0x0000000100000000)
  region size 1024K, 15 young (15360K), 15 survivors (15360K)
 Metaspace       used 51349K, capacity 52860K, committed 53072K, reserved 301056K
  class space    used 6825K, capacity 7427K, committed 7504K, reserved 253952K
}
Event: 29,251 GC heap before
{Heap before GC invocations=13 (full 0):
 garbage-first heap   total 264192K, used 154808K [0x00000000e0000000, 0x0000000100000000)
  region size 1024K, 122 young (124928K), 15 survivors (15360K)
 Metaspace       used 58569K, capacity 60269K, committed 60496K, reserved 307200K
  class space    used 7983K, capacity 8652K, committed 8784K, reserved 253952K
}
Event: 29,296 GC heap after
{Heap after GC invocations=14 (full 0):
 garbage-first heap   total 264192K, used 54893K [0x00000000e0000000, 0x0000000100000000)
  region size 1024K, 16 young (16384K), 16 survivors (16384K)
 Metaspace       used 58569K, capacity 60269K, committed 60496K, reserved 307200K
  class space    used 7983K, capacity 8652K, committed 8784K, reserved 253952K
}
Event: 34,228 GC heap before
{Heap before GC invocations=15 (full 0):
 garbage-first heap   total 264192K, used 178797K [0x00000000e0000000, 0x0000000100000000)
  region size 1024K, 134 young (137216K), 16 survivors (16384K)
 Metaspace       used 65160K, capacity 67398K, committed 67664K, reserved 313344K
  class space    used 8854K, capacity 9691K, committed 9808K, reserved 253952K
}
Event: 34,277 GC heap after
{Heap after GC invocations=16 (full 0):
 garbage-first heap   total 264192K, used 72772K [0x00000000e0000000, 0x0000000100000000)
  region size 1024K, 17 young (17408K), 17 survivors (17408K)
 Metaspace       used 65160K, capacity 67398K, committed 67664K, reserved 313344K
  class space    used 8854K, capacity 9691K, committed 9808K, reserved 253952K
}

